[debug] [2024-04-24T19:44:07.272Z] ----------------------------------------------------------------------
[debug] [2024-04-24T19:44:07.275Z] Command:       C:\Program Files\nodejs\node.exe C:\Users\Pablo\AppData\Roaming\npm\node_modules\firebase-tools\lib\bin\firebase.js init hosting
[debug] [2024-04-24T19:44:07.275Z] CLI Version:   13.7.4
[debug] [2024-04-24T19:44:07.276Z] Platform:      win32
[debug] [2024-04-24T19:44:07.276Z] Node Version:  v20.12.2
[debug] [2024-04-24T19:44:07.276Z] Time:          Wed Apr 24 2024 13:44:07 GMT-0600 (hora estándar central)
[debug] [2024-04-24T19:44:07.276Z] ----------------------------------------------------------------------
[debug] 
[debug] [2024-04-24T19:44:07.281Z] > command requires scopes: ["email","openid","https://www.googleapis.com/auth/cloudplatformprojects.readonly","https://www.googleapis.com/auth/firebase","https://www.googleapis.com/auth/cloud-platform"]
[debug] [2024-04-24T19:44:07.281Z] > authorizing via signed-in user (pablo7cort@gmail.com)
[info] 
     ######## #### ########  ######## ########     ###     ######  ########
     ##        ##  ##     ## ##       ##     ##  ##   ##  ##       ##
     ######    ##  ########  ######   ########  #########  ######  ######
     ##        ##  ##    ##  ##       ##     ## ##     ##       ## ##
     ##       #### ##     ## ######## ########  ##     ##  ######  ########

You're about to initialize a Firebase project in this directory:

  C:\Archivos\Kiero\Sitio web

Before we get started, keep in mind:

  * You are currently outside your home directory

[info] 
=== Project Setup
[info] 
[info] First, let's associate this project directory with a Firebase project.
[info] You can create multiple project aliases by running firebase use --add, 
[info] but for now we'll just set up a default project.
[info] 
[debug] [2024-04-24T19:44:28.075Z] >>> [apiv2][query] GET https://firebase.googleapis.com/v1beta1/projects pageSize=100
[debug] [2024-04-24T19:44:28.666Z] <<< [apiv2][status] GET https://firebase.googleapis.com/v1beta1/projects 200
[debug] [2024-04-24T19:44:28.666Z] <<< [apiv2][body] GET https://firebase.googleapis.com/v1beta1/projects [omitted]
[info] i  Using project kasa-d761e (Kasa) 
[info] 
=== Hosting Setup
[debug] [2024-04-24T19:44:48.100Z] >>> [apiv2][query] GET https://firebase.googleapis.com/v1beta1/projects/kasa-d761e [none]
[debug] [2024-04-24T19:44:48.434Z] <<< [apiv2][status] GET https://firebase.googleapis.com/v1beta1/projects/kasa-d761e 200
[debug] [2024-04-24T19:44:48.435Z] <<< [apiv2][body] GET https://firebase.googleapis.com/v1beta1/projects/kasa-d761e {"projectId":"kasa-d761e","projectNumber":"457287058678","displayName":"Kasa","name":"projects/kasa-d761e","resources":{"hostingSite":"kasa-d761e"},"state":"ACTIVE","etag":"1_b3eb999e-7789-40a0-8b4a-3b468bc9a920"}
[info] 
[info] Your public directory is the folder (relative to your project directory) that
[info] will contain Hosting assets to be uploaded with firebase deploy. If you
[info] have a build process for your assets, use your build's output directory.
[info] 
[debug] [2024-04-24T19:45:39.198Z] >>> [apiv2][query] GET https://www.gstatic.com/firebasejs/releases.json [none]
[debug] [2024-04-24T19:45:40.000Z] <<< [apiv2][status] GET https://www.gstatic.com/firebasejs/releases.json 200
[debug] [2024-04-24T19:45:40.001Z] <<< [apiv2][body] GET https://www.gstatic.com/firebasejs/releases.json {"current":{"version":"10.11.0","browserURL":"https://www.gstatic.com/firebasejs/10.11.0/firebase.js","packageURL":"https://www.gstatic.com/firebasejs/10.11.0/firebase.tgz"},"live":{"version":"10.11","browserURL":"https://www.gstatic.com/firebasejs/live/10.11/firebase.js","packageURL":"https://www.gstatic.com/firebasejs/live/10.11/firebase.tgz"},"components":{"analytics":"https://www.gstatic.com/firebasejs/10.11.0/firebase-analytics.js","app":"https://www.gstatic.com/firebasejs/10.11.0/firebase-app.js","app-check":"https://www.gstatic.com/firebasejs/10.11.0/firebase-app-check.js","auth":"https://www.gstatic.com/firebasejs/10.11.0/firebase-auth.js","auth/cordova":"https://www.gstatic.com/firebasejs/10.11.0/firebase-auth/cordova.js","auth/web-extension":"https://www.gstatic.com/firebasejs/10.11.0/firebase-auth/web-extension.js","functions":"https://www.gstatic.com/firebasejs/10.11.0/firebase-functions.js","firestore":"https://www.gstatic.com/firebasejs/10.11.0/firebase-firestore.js","firestore/lite":"https://www.gstatic.com/firebasejs/10.11.0/firebase-firestore/lite.js","installations":"https://www.gstatic.com/firebasejs/10.11.0/firebase-installations.js","storage":"https://www.gstatic.com/firebasejs/10.11.0/firebase-storage.js","performance":"https://www.gstatic.com/firebasejs/10.11.0/firebase-performance.js","remote-config":"https://www.gstatic.com/firebasejs/10.11.0/firebase-remote-config.js","messaging":"https://www.gstatic.com/firebasejs/10.11.0/firebase-messaging.js","messaging/sw":"https://www.gstatic.com/firebasejs/10.11.0/firebase-messaging/sw.js","database":"https://www.gstatic.com/firebasejs/10.11.0/firebase-database.js","firestore.memory":"https://www.gstatic.com/firebasejs/10.11.0/firebase-firestore.memory.js"}}
[info] +  Wrote [public]/index.html 
[info] 
[info] i  Didn't detect a .git folder. Assuming C:\Archivos\Kiero\Sitio web is the project root. 
[info] i  Authorizing with GitHub to upload your service account to a GitHub repository's secrets store. 
[info] 
[info] Visit this URL on this device to log in:
[info] https://github.com/login/oauth/authorize?client_id=89cf50f02ac6aaed3484&state=492523757&redirect_uri=http%3A%2F%2Flocalhost%3A9005&scope=read%3Auser%20repo%20public_repo
[info] 
[info] Waiting for authentication...
[debug] [2024-04-24T19:45:51.571Z] >>> [apiv2][query] POST https://github.com/login/oauth/access_token [none]
[debug] [2024-04-24T19:45:51.571Z] >>> [apiv2][body] POST https://github.com/login/oauth/access_token [stream]
[debug] [2024-04-24T19:45:51.916Z] <<< [apiv2][status] POST https://github.com/login/oauth/access_token 200
[debug] [2024-04-24T19:45:51.916Z] <<< [apiv2][body] POST https://github.com/login/oauth/access_token {"access_token":"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","token_type":"bearer","scope":"read:user,repo"}
[debug] [2024-04-24T19:45:51.929Z] >>> [apiv2][query] GET https://api.github.com/user [none]
[debug] [2024-04-24T19:45:52.251Z] <<< [apiv2][status] GET https://api.github.com/user 200
[debug] [2024-04-24T19:45:52.251Z] <<< [apiv2][body] GET https://api.github.com/user {"login":"Plintos","id":88287090,"node_id":"MDQ6VXNlcjg4Mjg3MDkw","avatar_url":"https://avatars.githubusercontent.com/u/88287090?v=4","gravatar_id":"","url":"https://api.github.com/users/Plintos","html_url":"https://github.com/Plintos","followers_url":"https://api.github.com/users/Plintos/followers","following_url":"https://api.github.com/users/Plintos/following{/other_user}","gists_url":"https://api.github.com/users/Plintos/gists{/gist_id}","starred_url":"https://api.github.com/users/Plintos/starred{/owner}{/repo}","subscriptions_url":"https://api.github.com/users/Plintos/subscriptions","organizations_url":"https://api.github.com/users/Plintos/orgs","repos_url":"https://api.github.com/users/Plintos/repos","events_url":"https://api.github.com/users/Plintos/events{/privacy}","received_events_url":"https://api.github.com/users/Plintos/received_events","type":"User","site_admin":false,"name":"Pablo","company":null,"blog":"","location":null,"email":null,"hireable":null,"bio":null,"twitter_username":null,"public_repos":0,"public_gists":0,"followers":1,"following":3,"created_at":"2021-08-01T18:04:05Z","updated_at":"2024-04-15T19:16:08Z","private_gists":0,"total_private_repos":1,"owned_private_repos":1,"disk_usage":0,"collaborators":0,"two_factor_authentication":false,"plan":{"name":"free","space":976562499,"collaborators":0,"private_repos":10000}}
[info] 
[info] +  Success! Logged into GitHub as Plintos 
[info] 
[debug] [2024-04-24T19:47:05.160Z] >>> [apiv2][query] GET https://api.github.com/repos//actions/secrets/public-key type=owner
[debug] [2024-04-24T19:47:05.425Z] >>> [apiv2][query] GET https://api.github.com/repos//actions/secrets/public-key type=owner
[debug] [2024-04-24T19:47:05.508Z] <<< [apiv2][status] GET https://api.github.com/repos//actions/secrets/public-key 404
[debug] [2024-04-24T19:47:05.508Z] <<< [apiv2][body] GET https://api.github.com/repos//actions/secrets/public-key {"message":"Not Found","documentation_url":"https://docs.github.com/rest"}
[info] 
[info] 
[error] !  The provided authorization cannot be used with this repository. If this repository is in an organization, did you remember to grant access? 
[info] 
[info] i  Action required: Visit this URL to ensure access has been granted to the appropriate organization(s) for the Firebase CLI GitHub OAuth App: 
[info] https://github.com/settings/connections/applications/89cf50f02ac6aaed3484
[info] 
[debug] [2024-04-24T19:47:05.838Z] <<< [apiv2][status] GET https://api.github.com/repos//actions/secrets/public-key 404
[debug] [2024-04-24T19:47:05.839Z] <<< [apiv2][body] GET https://api.github.com/repos//actions/secrets/public-key {"message":"Not Found","documentation_url":"https://docs.github.com/rest"}
[info] 
[info] 
[error] !  The provided authorization cannot be used with this repository. If this repository is in an organization, did you remember to grant access? 
[info] 
[info] i  Action required: Visit this URL to ensure access has been granted to the appropriate organization(s) for the Firebase CLI GitHub OAuth App: 
[info] https://github.com/settings/connections/applications/89cf50f02ac6aaed3484
[info] 
